<?xml version="1.0" encoding="UTF-8"?>
<testng-results ignored="0" total="1" passed="1" failed="0" skipped="0">
  <reporter-output>
  </reporter-output>
  <suite started-at="2019-07-14T10:42:39Z" name="Suite" finished-at="2019-07-14T10:42:55Z" duration-ms="15374">
    <groups>
    </groups>
    <test started-at="2019-07-14T10:42:39Z" name="Test" finished-at="2019-07-14T10:42:55Z" duration-ms="15374">
      <class name="excelData.UltimatixLogin">
        <test-method signature="UltimatixLogin()[pri:0, instance:excelData.UltimatixLogin@687e99d8]" started-at="2019-07-14T10:42:39Z" name="UltimatixLogin" finished-at="2019-07-14T10:42:55Z" duration-ms="15331" status="PASS">
          <reporter-output>
          </reporter-output>
        </test-method> <!-- UltimatixLogin -->
      </class> <!-- excelData.UltimatixLogin -->
    </test> <!-- Test -->
  </suite> <!-- Suite -->
</testng-results>
